Arguments: 
  /Users/leadcrunchnick/.nvm/versions/node/v14.18.1/bin/node /usr/local/bin/yarn init

PATH: 
  /Users/leadcrunchnick/.nvm/versions/node/v14.18.1/bin:/Users/leadcrunchnick/opt/anaconda3/bin:/Users/leadcrunchnick/opt/anaconda3/condabin:/usr/local/bin:/usr/bin:/bin:/usr/sbin:/sbin:/Applications/Keybase.app/Contents/SharedSupport/bin:/usr/local/bin

Yarn version: 
  1.22.10

Node version: 
  14.18.1

Platform: 
  darwin x64

Trace: 
  Error: canceled
      at Interface.<anonymous> (/usr/local/lib/node_modules/yarn/lib/cli.js:136216:13)
      at Interface.emit (events.js:400:28)
      at Interface._ttyWrite (readline.js:1001:16)
      at ReadStream.onkeypress (readline.js:265:10)
      at ReadStream.emit (events.js:400:28)
      at emitKeys (internal/readline/utils.js:358:14)
      at emitKeys.next (<anonymous>)
      at ReadStream.onData (readline.js:1270:36)
      at ReadStream.emit (events.js:400:28)
      at addChunk (internal/streams/readable.js:293:12)

npm manifest: 
  No manifest

yarn manifest: 
  No manifest

Lockfile: 
  No lockfile
